{"C:\\Users\\HP\\OneDrive\\. Universitet\\. Github\\0 main Projects\\AICookBook\\src\\services\\apiBackend.ts": {"path":"C:\\Users\\HP\\OneDrive\\. Universitet\\. Github\\0 main Projects\\AICookBook\\src\\services\\apiBackend.ts","statementMap":{"0":{"start":{"line":8,"column":0},"end":{"line":8,"column":22}},"1":{"start":{"line":26,"column":0},"end":{"line":26,"column":22}},"2":{"start":{"line":38,"column":0},"end":{"line":38,"column":22}},"3":{"start":{"line":46,"column":0},"end":{"line":46,"column":22}},"4":{"start":{"line":60,"column":0},"end":{"line":60,"column":22}},"5":{"start":{"line":72,"column":0},"end":{"line":72,"column":22}},"6":{"start":{"line":78,"column":0},"end":{"line":78,"column":22}},"7":{"start":{"line":84,"column":0},"end":{"line":84,"column":22}},"8":{"start":{"line":90,"column":0},"end":{"line":90,"column":22}},"9":{"start":{"line":102,"column":0},"end":{"line":102,"column":22}},"10":{"start":{"line":4,"column":17},"end":{"line":4,"column":44}},"11":{"start":{"line":9,"column":14},"end":{"line":9,"column":48}},"12":{"start":{"line":10,"column":2},"end":{"line":10,"column":44}},"13":{"start":{"line":12,"column":2},"end":{"line":14,"column":3}},"14":{"start":{"line":13,"column":4},"end":{"line":13,"column":57}},"15":{"start":{"line":16,"column":15},"end":{"line":16,"column":31}},"16":{"start":{"line":17,"column":2},"end":{"line":17,"column":20}},"17":{"start":{"line":19,"column":2},"end":{"line":21,"column":3}},"18":{"start":{"line":20,"column":4},"end":{"line":20,"column":52}},"19":{"start":{"line":23,"column":2},"end":{"line":23,"column":26}},"20":{"start":{"line":27,"column":19},"end":{"line":33,"column":4}},"21":{"start":{"line":34,"column":2},"end":{"line":34,"column":49}},"22":{"start":{"line":35,"column":2},"end":{"line":35,"column":31}},"23":{"start":{"line":39,"column":19},"end":{"line":41,"column":4}},"24":{"start":{"line":42,"column":2},"end":{"line":42,"column":49}},"25":{"start":{"line":43,"column":2},"end":{"line":43,"column":31}},"26":{"start":{"line":47,"column":19},"end":{"line":53,"column":4}},"27":{"start":{"line":54,"column":2},"end":{"line":54,"column":49}},"28":{"start":{"line":55,"column":2},"end":{"line":55,"column":31}},"29":{"start":{"line":61,"column":21},"end":{"line":67,"column":6}},"30":{"start":{"line":68,"column":4},"end":{"line":68,"column":51}},"31":{"start":{"line":69,"column":4},"end":{"line":69,"column":33}},"32":{"start":{"line":73,"column":16},"end":{"line":73,"column":54}},"33":{"start":{"line":74,"column":4},"end":{"line":74,"column":46}},"34":{"start":{"line":75,"column":4},"end":{"line":75,"column":28}},"35":{"start":{"line":79,"column":16},"end":{"line":79,"column":60}},"36":{"start":{"line":80,"column":4},"end":{"line":80,"column":46}},"37":{"start":{"line":81,"column":4},"end":{"line":81,"column":28}},"38":{"start":{"line":85,"column":16},"end":{"line":85,"column":67}},"39":{"start":{"line":86,"column":4},"end":{"line":86,"column":46}},"40":{"start":{"line":87,"column":4},"end":{"line":87,"column":28}},"41":{"start":{"line":91,"column":21},"end":{"line":97,"column":6}},"42":{"start":{"line":98,"column":4},"end":{"line":98,"column":51}},"43":{"start":{"line":99,"column":4},"end":{"line":99,"column":33}},"44":{"start":{"line":103,"column":21},"end":{"line":105,"column":6}},"45":{"start":{"line":106,"column":4},"end":{"line":106,"column":51}},"46":{"start":{"line":107,"column":4},"end":{"line":109,"column":5}},"47":{"start":{"line":108,"column":8},"end":{"line":108,"column":66}}},"fnMap":{"0":{"name":"getRecipes","decl":{"start":{"line":8,"column":22},"end":{"line":8,"column":32}},"loc":{"start":{"line":8,"column":32},"end":{"line":24,"column":null}}},"1":{"name":"addRecipe","decl":{"start":{"line":26,"column":22},"end":{"line":26,"column":31}},"loc":{"start":{"line":26,"column":46},"end":{"line":36,"column":null}}},"2":{"name":"deleteRecipeById","decl":{"start":{"line":38,"column":22},"end":{"line":38,"column":38}},"loc":{"start":{"line":38,"column":49},"end":{"line":44,"column":null}}},"3":{"name":"updateRecipeById","decl":{"start":{"line":46,"column":22},"end":{"line":46,"column":38}},"loc":{"start":{"line":46,"column":65},"end":{"line":56,"column":null}}},"4":{"name":"addIngredient","decl":{"start":{"line":60,"column":22},"end":{"line":60,"column":35}},"loc":{"start":{"line":60,"column":58},"end":{"line":70,"column":null}}},"5":{"name":"getIngredients","decl":{"start":{"line":72,"column":22},"end":{"line":72,"column":36}},"loc":{"start":{"line":72,"column":36},"end":{"line":76,"column":null}}},"6":{"name":"getIngredientById","decl":{"start":{"line":78,"column":22},"end":{"line":78,"column":39}},"loc":{"start":{"line":78,"column":50},"end":{"line":82,"column":null}}},"7":{"name":"getIngredientsByRecipeId","decl":{"start":{"line":84,"column":22},"end":{"line":84,"column":46}},"loc":{"start":{"line":84,"column":57},"end":{"line":88,"column":null}}},"8":{"name":"updateIngredientById","decl":{"start":{"line":90,"column":22},"end":{"line":90,"column":42}},"loc":{"start":{"line":90,"column":77},"end":{"line":100,"column":null}}},"9":{"name":"deleteIngredientById","decl":{"start":{"line":102,"column":22},"end":{"line":102,"column":42}},"loc":{"start":{"line":102,"column":53},"end":{"line":110,"column":null}}}},"branchMap":{"0":{"loc":{"start":{"line":12,"column":2},"end":{"line":14,"column":3}},"type":"if","locations":[{"start":{"line":12,"column":2},"end":{"line":14,"column":3}}]},"1":{"loc":{"start":{"line":19,"column":2},"end":{"line":21,"column":3}},"type":"if","locations":[{"start":{"line":19,"column":2},"end":{"line":21,"column":3}}]},"2":{"loc":{"start":{"line":107,"column":4},"end":{"line":109,"column":5}},"type":"if","locations":[{"start":{"line":107,"column":4},"end":{"line":109,"column":5}}]}},"s":{"0":1,"1":1,"2":1,"3":1,"4":1,"5":1,"6":1,"7":1,"8":1,"9":1,"10":1,"11":0,"12":0,"13":0,"14":0,"15":0,"16":0,"17":0,"18":0,"19":0,"20":0,"21":0,"22":0,"23":0,"24":0,"25":0,"26":0,"27":0,"28":0,"29":0,"30":0,"31":0,"32":0,"33":0,"34":0,"35":0,"36":0,"37":0,"38":0,"39":0,"40":0,"41":0,"42":0,"43":0,"44":0,"45":0,"46":0,"47":0},"f":{"0":0,"1":0,"2":0,"3":0,"4":0,"5":0,"6":0,"7":0,"8":0,"9":0},"b":{"0":[0],"1":[0],"2":[0]}}
}
