TN:
SF:src\services\apiBackend.ts
FN:8,getRecipes
FN:26,addRecipe
FN:38,deleteRecipeById
FN:46,updateRecipeById
FN:60,addIngredient
FN:72,getIngredients
FN:78,getIngredientById
FN:84,getIngredientsByRecipeId
FN:90,updateIngredientById
FN:102,deleteIngredientById
FNF:10
FNH:0
FNDA:0,getRecipes
FNDA:0,addRecipe
FNDA:0,deleteRecipeById
FNDA:0,updateRecipeById
FNDA:0,addIngredient
FNDA:0,getIngredients
FNDA:0,getIngredientById
FNDA:0,getIngredientsByRecipeId
FNDA:0,updateIngredientById
FNDA:0,deleteIngredientById
DA:4,1
DA:8,1
DA:9,0
DA:10,0
DA:12,0
DA:13,0
DA:16,0
DA:17,0
DA:19,0
DA:20,0
DA:23,0
DA:26,1
DA:27,0
DA:34,0
DA:35,0
DA:38,1
DA:39,0
DA:42,0
DA:43,0
DA:46,1
DA:47,0
DA:54,0
DA:55,0
DA:60,1
DA:61,0
DA:68,0
DA:69,0
DA:72,1
DA:73,0
DA:74,0
DA:75,0
DA:78,1
DA:79,0
DA:80,0
DA:81,0
DA:84,1
DA:85,0
DA:86,0
DA:87,0
DA:90,1
DA:91,0
DA:98,0
DA:99,0
DA:102,1
DA:103,0
DA:106,0
DA:107,0
DA:108,0
LF:48
LH:11
BRDA:12,0,0,0
BRDA:19,1,0,0
BRDA:107,2,0,0
BRF:3
BRH:0
end_of_record
